[2025-03-09T19:29:38.213+0000] {local_task_job_runner.py:123} INFO - ::group::Pre task execution logs
[2025-03-09T19:29:38.242+0000] {taskinstance.py:2614} INFO - Dependencies all met for dep_context=non-requeueable deps ti=<TaskInstance: tiki_load_dag.load_data manual__2025-03-09T19:29:34.183404+00:00 [queued]>
[2025-03-09T19:29:38.255+0000] {taskinstance.py:2614} INFO - Dependencies all met for dep_context=requeueable deps ti=<TaskInstance: tiki_load_dag.load_data manual__2025-03-09T19:29:34.183404+00:00 [queued]>
[2025-03-09T19:29:38.257+0000] {taskinstance.py:2867} INFO - Starting attempt 1 of 1
[2025-03-09T19:29:38.280+0000] {taskinstance.py:2890} INFO - Executing <Task(PythonOperator): load_data> on 2025-03-09 19:29:34.183404+00:00
[2025-03-09T19:29:38.294+0000] {warnings.py:112} WARNING - /home/***/.local/lib/python3.12/site-packages/***/task/task_runner/standard_task_runner.py:70: DeprecationWarning: This process (pid=661) is multi-threaded, use of fork() may lead to deadlocks in the child.
  pid = os.fork()

[2025-03-09T19:29:38.296+0000] {standard_task_runner.py:72} INFO - Started process 670 to run task
[2025-03-09T19:29:38.297+0000] {standard_task_runner.py:104} INFO - Running: ['***', 'tasks', 'run', 'tiki_load_dag', 'load_data', 'manual__2025-03-09T19:29:34.183404+00:00', '--job-id', '296', '--raw', '--subdir', 'DAGS_FOLDER/tiki_load_dag.py', '--cfg-path', '/tmp/tmpd2kq1cax']
[2025-03-09T19:29:38.299+0000] {standard_task_runner.py:105} INFO - Job 296: Subtask load_data
[2025-03-09T19:29:38.372+0000] {task_command.py:467} INFO - Running <TaskInstance: tiki_load_dag.load_data manual__2025-03-09T19:29:34.183404+00:00 [running]> on host 72a6d77a3cc5
[2025-03-09T19:29:38.520+0000] {taskinstance.py:3134} INFO - Exporting env vars: AIRFLOW_CTX_DAG_OWNER='***' AIRFLOW_CTX_DAG_ID='tiki_load_dag' AIRFLOW_CTX_TASK_ID='load_data' AIRFLOW_CTX_EXECUTION_DATE='2025-03-09T19:29:34.183404+00:00' AIRFLOW_CTX_TRY_NUMBER='1' AIRFLOW_CTX_DAG_RUN_ID='manual__2025-03-09T19:29:34.183404+00:00'
[2025-03-09T19:29:38.522+0000] {logging_mixin.py:190} INFO - Task instance is in running state
[2025-03-09T19:29:38.523+0000] {logging_mixin.py:190} INFO -  Previous state of the Task instance: queued
[2025-03-09T19:29:38.524+0000] {logging_mixin.py:190} INFO - Current task name:load_data state:running start_date:2025-03-09 19:29:38.243400+00:00
[2025-03-09T19:29:38.525+0000] {logging_mixin.py:190} INFO - Dag name:tiki_load_dag and current dag run status:running
[2025-03-09T19:29:38.526+0000] {taskinstance.py:732} INFO - ::endgroup::
[2025-03-09T19:29:39.075+0000] {tiki_load_dag.py:37} INFO - Found latest fact_sales blob: tiki_transformed_data/fact_sales_20250309_192910.csv
[2025-03-09T19:29:39.142+0000] {tiki_load_dag.py:37} INFO - Found latest dim_product blob: tiki_transformed_data/dim_product_20250309_192910.csv
[2025-03-09T19:29:39.210+0000] {tiki_load_dag.py:37} INFO - Found latest dim_seller blob: tiki_transformed_data/dim_seller_20250309_192910.csv
[2025-03-09T19:29:39.305+0000] {tiki_load_dag.py:37} INFO - Found latest dim_category blob: tiki_transformed_data/dim_category_20250309_192910.csv
[2025-03-09T19:29:39.379+0000] {tiki_load_dag.py:37} INFO - Found latest dim_brand blob: tiki_transformed_data/dim_brand_20250309_192910.csv
[2025-03-09T19:29:40.615+0000] {tiki_load_dag.py:68} INFO - Starting load job for Fact_Sales from gs://tiki-data/tiki_transformed_data/fact_sales_20250309_192910.csv
[2025-03-09T19:29:53.261+0000] {tiki_load_dag.py:70} INFO - Loaded Fact_Sales with 18336 rows
[2025-03-09T19:29:54.147+0000] {tiki_load_dag.py:68} INFO - Starting load job for Dim_Product from gs://tiki-data/tiki_transformed_data/dim_product_20250309_192910.csv
[2025-03-09T19:30:10.137+0000] {taskinstance.py:3313} ERROR - Task failed with exception
Traceback (most recent call last):
  File "/home/airflow/.local/lib/python3.12/site-packages/airflow/models/taskinstance.py", line 768, in _execute_task
    result = _execute_callable(context=context, **execute_callable_kwargs)
             ^^^^^^^^^^^^^^^^^^^^^^^^^^^^^^^^^^^^^^^^^^^^^^^^^^^^^^^^^^^^^
  File "/home/airflow/.local/lib/python3.12/site-packages/airflow/models/taskinstance.py", line 734, in _execute_callable
    return ExecutionCallableRunner(
           ^^^^^^^^^^^^^^^^^^^^^^^^
  File "/home/airflow/.local/lib/python3.12/site-packages/airflow/utils/operator_helpers.py", line 252, in run
    return self.func(*args, **kwargs)
           ^^^^^^^^^^^^^^^^^^^^^^^^^^
  File "/home/airflow/.local/lib/python3.12/site-packages/airflow/models/baseoperator.py", line 424, in wrapper
    return func(self, *args, **kwargs)
           ^^^^^^^^^^^^^^^^^^^^^^^^^^^
  File "/home/airflow/.local/lib/python3.12/site-packages/airflow/operators/python.py", line 238, in execute
    return_value = self.execute_callable()
                   ^^^^^^^^^^^^^^^^^^^^^^^
  File "/home/airflow/.local/lib/python3.12/site-packages/airflow/operators/python.py", line 256, in execute_callable
    return runner.run(*self.op_args, **self.op_kwargs)
           ^^^^^^^^^^^^^^^^^^^^^^^^^^^^^^^^^^^^^^^^^^^
  File "/home/airflow/.local/lib/python3.12/site-packages/airflow/utils/operator_helpers.py", line 252, in run
    return self.func(*args, **kwargs)
           ^^^^^^^^^^^^^^^^^^^^^^^^^^
  File "/opt/airflow/dags/tiki_load_dag.py", line 69, in load_data
    load_job.result()  # Chờ job hoàn thành
    ^^^^^^^^^^^^^^^^^
  File "/home/airflow/.local/lib/python3.12/site-packages/google/cloud/bigquery/job/base.py", line 971, in result
    return super(_AsyncJob, self).result(timeout=timeout, **kwargs)
           ^^^^^^^^^^^^^^^^^^^^^^^^^^^^^^^^^^^^^^^^^^^^^^^^^^^^^^^^
  File "/home/airflow/.local/lib/python3.12/site-packages/google/api_core/future/polling.py", line 261, in result
    raise self._exception
google.api_core.exceptions.BadRequest: 400 Error while reading data, error message: CSV processing encountered too many errors, giving up. Rows: 18336; errors: 4; max bad: 0; error percent: 0; reason: invalid, message: Error while reading data, error message: CSV processing encountered too many errors, giving up. Rows: 18336; errors: 4; max bad: 0; error percent: 0; reason: invalid, location: gs://tiki-data/tiki_transformed_data/dim_product_20250309_192910.csv, message: Error while reading data, error message: Missing close quote character (").; line_number: 6772 byte_offset_to_start_of_line: 7846278 column_index: 2 column_name: "name" column_type: STRING value: "Ph\306\260\306\241ng Ph\303\241p Gi..." File: gs://tiki-data/tiki_transformed_data/dim_product_20250309_192910.csv; reason: invalid, location: gs://tiki-data/tiki_transformed_data/dim_product_20250309_192910.csv, message: Error while reading data, error message: Missing close quote character (").; line_number: 9378 byte_offset_to_start_of_line: 11034719 column_index: 2 column_name: "name" column_type: STRING value: "Micro H\303\241t Karaok..." File: gs://tiki-data/tiki_transformed_data/dim_product_20250309_192910.csv; reason: invalid, location: gs://tiki-data/tiki_transformed_data/dim_product_20250309_192910.csv, message: Error while reading data, error message: Missing close quote character (").; line_number: 10218 byte_offset_to_start_of_line: 12070176 column_index: 2 column_name: "name" column_type: STRING value: "Micro M\303\241y T\303\255nh ..." File: gs://tiki-data/tiki_transformed_data/dim_product_20250309_192910.csv; reason: invalid, location: gs://tiki-data/tiki_transformed_data/dim_product_20250309_192910.csv, message: Error while reading data, error message: Unable to parse; line_number: 10219 byte_offset_to_start_of_line: 12070231 column_index: 14 column_name: "is_freeship_xtra" column_type: BOOL value: "freeship_xtra" File: gs://tiki-data/tiki_transformed_data/dim_product_20250309_192910.csv
[2025-03-09T19:30:10.200+0000] {logging_mixin.py:190} INFO - Task instance in failure state
[2025-03-09T19:30:10.203+0000] {logging_mixin.py:190} INFO - Task start:2025-03-09 19:29:38.243400+00:00 end:2025-03-09 19:30:10.196283+00:00 duration:31.952883
[2025-03-09T19:30:10.206+0000] {logging_mixin.py:190} INFO - Task:<Task(PythonOperator): load_data> dag:<DAG: tiki_load_dag> dagrun:<DagRun tiki_load_dag @ 2025-03-09 19:29:34.183404+00:00: manual__2025-03-09T19:29:34.183404+00:00, state:running, queued_at: 2025-03-09 19:29:34.232211+00:00. externally triggered: True>
[2025-03-09T19:30:10.207+0000] {logging_mixin.py:190} INFO - Failure caused by 400 Error while reading data, error message: CSV processing encountered too many errors, giving up. Rows: 18336; errors: 4; max bad: 0; error percent: 0; reason: invalid, message: Error while reading data, error message: CSV processing encountered too many errors, giving up. Rows: 18336; errors: 4; max bad: 0; error percent: 0; reason: invalid, location: gs://tiki-data/tiki_transformed_data/dim_product_20250309_192910.csv, message: Error while reading data, error message: Missing close quote character (").; line_number: 6772 byte_offset_to_start_of_line: 7846278 column_index: 2 column_name: "name" column_type: STRING value: "Ph\306\260\306\241ng Ph\303\241p Gi..." File: gs://tiki-data/tiki_transformed_data/dim_product_20250309_192910.csv; reason: invalid, location: gs://tiki-data/tiki_transformed_data/dim_product_20250309_192910.csv, message: Error while reading data, error message: Missing close quote character (").; line_number: 9378 byte_offset_to_start_of_line: 11034719 column_index: 2 column_name: "name" column_type: STRING value: "Micro H\303\241t Karaok..." File: gs://tiki-data/tiki_transformed_data/dim_product_20250309_192910.csv; reason: invalid, location: gs://tiki-data/tiki_transformed_data/dim_product_20250309_192910.csv, message: Error while reading data, error message: Missing close quote character (").; line_number: 10218 byte_offset_to_start_of_line: 12070176 column_index: 2 column_name: "name" column_type: STRING value: "Micro M\303\241y T\303\255nh ..." File: gs://tiki-data/tiki_transformed_data/dim_product_20250309_192910.csv; reason: invalid, location: gs://tiki-data/tiki_transformed_data/dim_product_20250309_192910.csv, message: Error while reading data, error message: Unable to parse; line_number: 10219 byte_offset_to_start_of_line: 12070231 column_index: 14 column_name: "is_freeship_xtra" column_type: BOOL value: "freeship_xtra" File: gs://tiki-data/tiki_transformed_data/dim_product_20250309_192910.csv
[2025-03-09T19:30:10.209+0000] {taskinstance.py:1226} INFO - Marking task as FAILED. dag_id=tiki_load_dag, task_id=load_data, run_id=manual__2025-03-09T19:29:34.183404+00:00, execution_date=20250309T192934, start_date=20250309T192938, end_date=20250309T193010
[2025-03-09T19:30:10.281+0000] {taskinstance.py:341} INFO - ::group::Post task execution logs
[2025-03-09T19:30:10.283+0000] {standard_task_runner.py:124} ERROR - Failed to execute job 296 for task load_data (400 Error while reading data, error message: CSV processing encountered too many errors, giving up. Rows: 18336; errors: 4; max bad: 0; error percent: 0; reason: invalid, message: Error while reading data, error message: CSV processing encountered too many errors, giving up. Rows: 18336; errors: 4; max bad: 0; error percent: 0; reason: invalid, location: gs://tiki-data/tiki_transformed_data/dim_product_20250309_192910.csv, message: Error while reading data, error message: Missing close quote character (").; line_number: 6772 byte_offset_to_start_of_line: 7846278 column_index: 2 column_name: "name" column_type: STRING value: "Ph\306\260\306\241ng Ph\303\241p Gi..." File: gs://tiki-data/tiki_transformed_data/dim_product_20250309_192910.csv; reason: invalid, location: gs://tiki-data/tiki_transformed_data/dim_product_20250309_192910.csv, message: Error while reading data, error message: Missing close quote character (").; line_number: 9378 byte_offset_to_start_of_line: 11034719 column_index: 2 column_name: "name" column_type: STRING value: "Micro H\303\241t Karaok..." File: gs://tiki-data/tiki_transformed_data/dim_product_20250309_192910.csv; reason: invalid, location: gs://tiki-data/tiki_transformed_data/dim_product_20250309_192910.csv, message: Error while reading data, error message: Missing close quote character (").; line_number: 10218 byte_offset_to_start_of_line: 12070176 column_index: 2 column_name: "name" column_type: STRING value: "Micro M\303\241y T\303\255nh ..." File: gs://tiki-data/tiki_transformed_data/dim_product_20250309_192910.csv; reason: invalid, location: gs://tiki-data/tiki_transformed_data/dim_product_20250309_192910.csv, message: Error while reading data, error message: Unable to parse; line_number: 10219 byte_offset_to_start_of_line: 12070231 column_index: 14 column_name: "is_freeship_xtra" column_type: BOOL value: "freeship_xtra" File: gs://tiki-data/tiki_transformed_data/dim_product_20250309_192910.csv; 670)
Traceback (most recent call last):
  File "/home/airflow/.local/lib/python3.12/site-packages/airflow/task/task_runner/standard_task_runner.py", line 117, in _start_by_fork
    ret = args.func(args, dag=self.dag)
          ^^^^^^^^^^^^^^^^^^^^^^^^^^^^^
  File "/home/airflow/.local/lib/python3.12/site-packages/airflow/cli/cli_config.py", line 49, in command
    return func(*args, **kwargs)
           ^^^^^^^^^^^^^^^^^^^^^
  File "/home/airflow/.local/lib/python3.12/site-packages/airflow/utils/cli.py", line 116, in wrapper
    return f(*args, **kwargs)
           ^^^^^^^^^^^^^^^^^^
  File "/home/airflow/.local/lib/python3.12/site-packages/airflow/cli/commands/task_command.py", line 483, in task_run
    task_return_code = _run_task_by_selected_method(args, _dag, ti)
                       ^^^^^^^^^^^^^^^^^^^^^^^^^^^^^^^^^^^^^^^^^^^^
  File "/home/airflow/.local/lib/python3.12/site-packages/airflow/cli/commands/task_command.py", line 256, in _run_task_by_selected_method
    return _run_raw_task(args, ti)
           ^^^^^^^^^^^^^^^^^^^^^^^
  File "/home/airflow/.local/lib/python3.12/site-packages/airflow/cli/commands/task_command.py", line 341, in _run_raw_task
    return ti._run_raw_task(
           ^^^^^^^^^^^^^^^^^
  File "/home/airflow/.local/lib/python3.12/site-packages/airflow/utils/session.py", line 97, in wrapper
    return func(*args, session=session, **kwargs)
           ^^^^^^^^^^^^^^^^^^^^^^^^^^^^^^^^^^^^^^
  File "/home/airflow/.local/lib/python3.12/site-packages/airflow/models/taskinstance.py", line 3006, in _run_raw_task
    return _run_raw_task(
           ^^^^^^^^^^^^^^
  File "/home/airflow/.local/lib/python3.12/site-packages/airflow/models/taskinstance.py", line 274, in _run_raw_task
    TaskInstance._execute_task_with_callbacks(
  File "/home/airflow/.local/lib/python3.12/site-packages/airflow/models/taskinstance.py", line 3161, in _execute_task_with_callbacks
    result = self._execute_task(context, task_orig)
             ^^^^^^^^^^^^^^^^^^^^^^^^^^^^^^^^^^^^^^
  File "/home/airflow/.local/lib/python3.12/site-packages/airflow/models/taskinstance.py", line 3185, in _execute_task
    return _execute_task(self, context, task_orig)
           ^^^^^^^^^^^^^^^^^^^^^^^^^^^^^^^^^^^^^^^
  File "/home/airflow/.local/lib/python3.12/site-packages/airflow/models/taskinstance.py", line 768, in _execute_task
    result = _execute_callable(context=context, **execute_callable_kwargs)
             ^^^^^^^^^^^^^^^^^^^^^^^^^^^^^^^^^^^^^^^^^^^^^^^^^^^^^^^^^^^^^
  File "/home/airflow/.local/lib/python3.12/site-packages/airflow/models/taskinstance.py", line 734, in _execute_callable
    return ExecutionCallableRunner(
           ^^^^^^^^^^^^^^^^^^^^^^^^
  File "/home/airflow/.local/lib/python3.12/site-packages/airflow/utils/operator_helpers.py", line 252, in run
    return self.func(*args, **kwargs)
           ^^^^^^^^^^^^^^^^^^^^^^^^^^
  File "/home/airflow/.local/lib/python3.12/site-packages/airflow/models/baseoperator.py", line 424, in wrapper
    return func(self, *args, **kwargs)
           ^^^^^^^^^^^^^^^^^^^^^^^^^^^
  File "/home/airflow/.local/lib/python3.12/site-packages/airflow/operators/python.py", line 238, in execute
    return_value = self.execute_callable()
                   ^^^^^^^^^^^^^^^^^^^^^^^
  File "/home/airflow/.local/lib/python3.12/site-packages/airflow/operators/python.py", line 256, in execute_callable
    return runner.run(*self.op_args, **self.op_kwargs)
           ^^^^^^^^^^^^^^^^^^^^^^^^^^^^^^^^^^^^^^^^^^^
  File "/home/airflow/.local/lib/python3.12/site-packages/airflow/utils/operator_helpers.py", line 252, in run
    return self.func(*args, **kwargs)
           ^^^^^^^^^^^^^^^^^^^^^^^^^^
  File "/opt/airflow/dags/tiki_load_dag.py", line 69, in load_data
    load_job.result()  # Chờ job hoàn thành
    ^^^^^^^^^^^^^^^^^
  File "/home/airflow/.local/lib/python3.12/site-packages/google/cloud/bigquery/job/base.py", line 971, in result
    return super(_AsyncJob, self).result(timeout=timeout, **kwargs)
           ^^^^^^^^^^^^^^^^^^^^^^^^^^^^^^^^^^^^^^^^^^^^^^^^^^^^^^^^
  File "/home/airflow/.local/lib/python3.12/site-packages/google/api_core/future/polling.py", line 261, in result
    raise self._exception
google.api_core.exceptions.BadRequest: 400 Error while reading data, error message: CSV processing encountered too many errors, giving up. Rows: 18336; errors: 4; max bad: 0; error percent: 0; reason: invalid, message: Error while reading data, error message: CSV processing encountered too many errors, giving up. Rows: 18336; errors: 4; max bad: 0; error percent: 0; reason: invalid, location: gs://tiki-data/tiki_transformed_data/dim_product_20250309_192910.csv, message: Error while reading data, error message: Missing close quote character (").; line_number: 6772 byte_offset_to_start_of_line: 7846278 column_index: 2 column_name: "name" column_type: STRING value: "Ph\306\260\306\241ng Ph\303\241p Gi..." File: gs://tiki-data/tiki_transformed_data/dim_product_20250309_192910.csv; reason: invalid, location: gs://tiki-data/tiki_transformed_data/dim_product_20250309_192910.csv, message: Error while reading data, error message: Missing close quote character (").; line_number: 9378 byte_offset_to_start_of_line: 11034719 column_index: 2 column_name: "name" column_type: STRING value: "Micro H\303\241t Karaok..." File: gs://tiki-data/tiki_transformed_data/dim_product_20250309_192910.csv; reason: invalid, location: gs://tiki-data/tiki_transformed_data/dim_product_20250309_192910.csv, message: Error while reading data, error message: Missing close quote character (").; line_number: 10218 byte_offset_to_start_of_line: 12070176 column_index: 2 column_name: "name" column_type: STRING value: "Micro M\303\241y T\303\255nh ..." File: gs://tiki-data/tiki_transformed_data/dim_product_20250309_192910.csv; reason: invalid, location: gs://tiki-data/tiki_transformed_data/dim_product_20250309_192910.csv, message: Error while reading data, error message: Unable to parse; line_number: 10219 byte_offset_to_start_of_line: 12070231 column_index: 14 column_name: "is_freeship_xtra" column_type: BOOL value: "freeship_xtra" File: gs://tiki-data/tiki_transformed_data/dim_product_20250309_192910.csv
[2025-03-09T19:30:10.349+0000] {local_task_job_runner.py:266} INFO - Task exited with return code 1
[2025-03-09T19:30:10.387+0000] {taskinstance.py:3901} INFO - 0 downstream tasks scheduled from follow-on schedule check
[2025-03-09T19:30:10.391+0000] {local_task_job_runner.py:245} INFO - ::endgroup::
